mode: set
github.com/lao-tseu-is-alive/go-cloud-k8s-info/server.go:87.93,135.2 7 1
github.com/lao-tseu-is-alive/go-cloud-k8s-info/server.go:138.82,139.20 1 1
github.com/lao-tseu-is-alive/go-cloud-k8s-info/server.go:139.20,141.3 1 1
github.com/lao-tseu-is-alive/go-cloud-k8s-info/server.go:143.2,146.3 1 1
github.com/lao-tseu-is-alive/go-cloud-k8s-info/server.go:183.38,185.2 1 1
github.com/lao-tseu-is-alive/go-cloud-k8s-info/server.go:200.36,203.16 3 1
github.com/lao-tseu-is-alive/go-cloud-k8s-info/server.go:203.16,205.3 1 0
github.com/lao-tseu-is-alive/go-cloud-k8s-info/server.go:206.2,207.26 2 1
github.com/lao-tseu-is-alive/go-cloud-k8s-info/server.go:210.41,221.16 4 1
github.com/lao-tseu-is-alive/go-cloud-k8s-info/server.go:221.16,226.3 1 0
github.com/lao-tseu-is-alive/go-cloud-k8s-info/server.go:227.2,229.36 2 1
github.com/lao-tseu-is-alive/go-cloud-k8s-info/server.go:229.36,231.25 2 1
github.com/lao-tseu-is-alive/go-cloud-k8s-info/server.go:231.25,233.40 1 1
github.com/lao-tseu-is-alive/go-cloud-k8s-info/server.go:233.40,234.48 1 1
github.com/lao-tseu-is-alive/go-cloud-k8s-info/server.go:234.48,236.23 1 1
github.com/lao-tseu-is-alive/go-cloud-k8s-info/server.go:236.23,238.7 1 1
github.com/lao-tseu-is-alive/go-cloud-k8s-info/server.go:239.6,239.26 1 1
github.com/lao-tseu-is-alive/go-cloud-k8s-info/server.go:239.26,241.7 1 1
github.com/lao-tseu-is-alive/go-cloud-k8s-info/server.go:242.6,242.25 1 1
github.com/lao-tseu-is-alive/go-cloud-k8s-info/server.go:242.25,244.7 1 1
github.com/lao-tseu-is-alive/go-cloud-k8s-info/server.go:249.2,252.3 1 1
github.com/lao-tseu-is-alive/go-cloud-k8s-info/server.go:259.54,264.11 4 1
github.com/lao-tseu-is-alive/go-cloud-k8s-info/server.go:264.11,266.17 2 1
github.com/lao-tseu-is-alive/go-cloud-k8s-info/server.go:266.17,271.4 1 1
github.com/lao-tseu-is-alive/go-cloud-k8s-info/server.go:272.3,272.37 1 1
github.com/lao-tseu-is-alive/go-cloud-k8s-info/server.go:272.37,277.4 1 1
github.com/lao-tseu-is-alive/go-cloud-k8s-info/server.go:279.2,279.41 1 1
github.com/lao-tseu-is-alive/go-cloud-k8s-info/server.go:287.51,293.12 5 1
github.com/lao-tseu-is-alive/go-cloud-k8s-info/server.go:293.12,298.3 1 1
github.com/lao-tseu-is-alive/go-cloud-k8s-info/server.go:299.2,301.11 3 0
github.com/lao-tseu-is-alive/go-cloud-k8s-info/server.go:301.11,303.17 2 0
github.com/lao-tseu-is-alive/go-cloud-k8s-info/server.go:303.17,308.4 1 0
github.com/lao-tseu-is-alive/go-cloud-k8s-info/server.go:309.3,309.37 1 0
github.com/lao-tseu-is-alive/go-cloud-k8s-info/server.go:309.37,314.4 1 0
github.com/lao-tseu-is-alive/go-cloud-k8s-info/server.go:316.2,316.54 1 0
github.com/lao-tseu-is-alive/go-cloud-k8s-info/server.go:319.72,333.16 7 0
github.com/lao-tseu-is-alive/go-cloud-k8s-info/server.go:333.16,338.3 1 0
github.com/lao-tseu-is-alive/go-cloud-k8s-info/server.go:339.2,342.16 3 0
github.com/lao-tseu-is-alive/go-cloud-k8s-info/server.go:342.16,347.3 1 0
github.com/lao-tseu-is-alive/go-cloud-k8s-info/server.go:348.2,351.16 3 0
github.com/lao-tseu-is-alive/go-cloud-k8s-info/server.go:351.16,356.3 1 0
github.com/lao-tseu-is-alive/go-cloud-k8s-info/server.go:357.2,360.16 3 0
github.com/lao-tseu-is-alive/go-cloud-k8s-info/server.go:360.16,365.3 1 0
github.com/lao-tseu-is-alive/go-cloud-k8s-info/server.go:366.2,368.16 3 0
github.com/lao-tseu-is-alive/go-cloud-k8s-info/server.go:368.16,375.3 1 0
github.com/lao-tseu-is-alive/go-cloud-k8s-info/server.go:375.8,380.53 5 0
github.com/lao-tseu-is-alive/go-cloud-k8s-info/server.go:380.53,381.28 1 0
github.com/lao-tseu-is-alive/go-cloud-k8s-info/server.go:381.28,383.5 1 0
github.com/lao-tseu-is-alive/go-cloud-k8s-info/server.go:385.3,385.95 1 0
github.com/lao-tseu-is-alive/go-cloud-k8s-info/server.go:388.2,391.3 1 0
github.com/lao-tseu-is-alive/go-cloud-k8s-info/server.go:394.98,417.16 9 0
github.com/lao-tseu-is-alive/go-cloud-k8s-info/server.go:417.16,420.3 2 0
github.com/lao-tseu-is-alive/go-cloud-k8s-info/server.go:421.2,421.33 1 0
github.com/lao-tseu-is-alive/go-cloud-k8s-info/server.go:421.33,423.17 2 0
github.com/lao-tseu-is-alive/go-cloud-k8s-info/server.go:423.17,425.4 1 0
github.com/lao-tseu-is-alive/go-cloud-k8s-info/server.go:428.2,429.16 2 0
github.com/lao-tseu-is-alive/go-cloud-k8s-info/server.go:429.16,432.3 2 0
github.com/lao-tseu-is-alive/go-cloud-k8s-info/server.go:433.2,433.26 1 0
github.com/lao-tseu-is-alive/go-cloud-k8s-info/server.go:436.69,441.16 3 1
github.com/lao-tseu-is-alive/go-cloud-k8s-info/server.go:441.16,444.3 2 0
github.com/lao-tseu-is-alive/go-cloud-k8s-info/server.go:445.2,446.16 2 1
github.com/lao-tseu-is-alive/go-cloud-k8s-info/server.go:446.16,449.3 2 0
github.com/lao-tseu-is-alive/go-cloud-k8s-info/server.go:450.2,470.16 6 1
github.com/lao-tseu-is-alive/go-cloud-k8s-info/server.go:470.16,473.3 2 0
github.com/lao-tseu-is-alive/go-cloud-k8s-info/server.go:474.2,474.33 1 1
github.com/lao-tseu-is-alive/go-cloud-k8s-info/server.go:474.33,476.17 2 1
github.com/lao-tseu-is-alive/go-cloud-k8s-info/server.go:476.18,478.4 0 0
github.com/lao-tseu-is-alive/go-cloud-k8s-info/server.go:481.2,482.16 2 1
github.com/lao-tseu-is-alive/go-cloud-k8s-info/server.go:482.16,485.3 2 0
github.com/lao-tseu-is-alive/go-cloud-k8s-info/server.go:487.2,489.20 3 1
github.com/lao-tseu-is-alive/go-cloud-k8s-info/server.go:489.20,491.3 1 0
github.com/lao-tseu-is-alive/go-cloud-k8s-info/server.go:493.2,494.32 2 1
github.com/lao-tseu-is-alive/go-cloud-k8s-info/server.go:494.32,496.63 1 1
github.com/lao-tseu-is-alive/go-cloud-k8s-info/server.go:496.63,497.24 1 1
github.com/lao-tseu-is-alive/go-cloud-k8s-info/server.go:497.24,499.5 1 1
github.com/lao-tseu-is-alive/go-cloud-k8s-info/server.go:504.2,504.46 1 1
github.com/lao-tseu-is-alive/go-cloud-k8s-info/server.go:507.41,509.2 1 1
github.com/lao-tseu-is-alive/go-cloud-k8s-info/server.go:511.39,514.2 1 1
github.com/lao-tseu-is-alive/go-cloud-k8s-info/server.go:519.90,523.34 2 1
github.com/lao-tseu-is-alive/go-cloud-k8s-info/server.go:523.34,526.17 2 1
github.com/lao-tseu-is-alive/go-cloud-k8s-info/server.go:526.17,529.12 3 1
github.com/lao-tseu-is-alive/go-cloud-k8s-info/server.go:532.3,533.9 2 1
github.com/lao-tseu-is-alive/go-cloud-k8s-info/server.go:535.2,535.83 1 0
github.com/lao-tseu-is-alive/go-cloud-k8s-info/server.go:539.75,554.42 7 1
github.com/lao-tseu-is-alive/go-cloud-k8s-info/server.go:554.42,556.3 1 0
github.com/lao-tseu-is-alive/go-cloud-k8s-info/server.go:557.2,559.12 3 0
github.com/lao-tseu-is-alive/go-cloud-k8s-info/server.go:575.78,607.2 8 1
github.com/lao-tseu-is-alive/go-cloud-k8s-info/server.go:610.33,629.2 6 1
github.com/lao-tseu-is-alive/go-cloud-k8s-info/server.go:632.38,635.12 1 1
github.com/lao-tseu-is-alive/go-cloud-k8s-info/server.go:635.12,638.58 3 1
github.com/lao-tseu-is-alive/go-cloud-k8s-info/server.go:638.58,640.4 1 0
github.com/lao-tseu-is-alive/go-cloud-k8s-info/server.go:642.2,645.62 2 1
github.com/lao-tseu-is-alive/go-cloud-k8s-info/server.go:649.80,651.16 2 1
github.com/lao-tseu-is-alive/go-cloud-k8s-info/server.go:651.16,655.3 3 0
github.com/lao-tseu-is-alive/go-cloud-k8s-info/server.go:656.2,658.16 3 1
github.com/lao-tseu-is-alive/go-cloud-k8s-info/server.go:658.16,661.3 2 0
github.com/lao-tseu-is-alive/go-cloud-k8s-info/server.go:662.2,666.16 5 1
github.com/lao-tseu-is-alive/go-cloud-k8s-info/server.go:666.16,669.3 2 0
github.com/lao-tseu-is-alive/go-cloud-k8s-info/server.go:674.63,677.54 3 1
github.com/lao-tseu-is-alive/go-cloud-k8s-info/server.go:677.54,679.33 2 1
github.com/lao-tseu-is-alive/go-cloud-k8s-info/server.go:679.33,681.4 1 1
github.com/lao-tseu-is-alive/go-cloud-k8s-info/server.go:681.9,683.4 1 1
github.com/lao-tseu-is-alive/go-cloud-k8s-info/server.go:686.60,689.54 3 1
github.com/lao-tseu-is-alive/go-cloud-k8s-info/server.go:689.54,691.33 2 1
github.com/lao-tseu-is-alive/go-cloud-k8s-info/server.go:691.33,693.4 1 1
github.com/lao-tseu-is-alive/go-cloud-k8s-info/server.go:693.9,695.4 1 1
github.com/lao-tseu-is-alive/go-cloud-k8s-info/server.go:698.63,703.16 4 1
github.com/lao-tseu-is-alive/go-cloud-k8s-info/server.go:703.16,706.3 2 0
github.com/lao-tseu-is-alive/go-cloud-k8s-info/server.go:708.2,710.24 2 1
github.com/lao-tseu-is-alive/go-cloud-k8s-info/server.go:710.24,712.10 2 0
github.com/lao-tseu-is-alive/go-cloud-k8s-info/server.go:713.43,714.86 1 0
github.com/lao-tseu-is-alive/go-cloud-k8s-info/server.go:715.11,716.90 1 0
github.com/lao-tseu-is-alive/go-cloud-k8s-info/server.go:721.2,722.16 2 1
github.com/lao-tseu-is-alive/go-cloud-k8s-info/server.go:722.16,724.3 1 0
github.com/lao-tseu-is-alive/go-cloud-k8s-info/server.go:725.2,728.16 4 1
github.com/lao-tseu-is-alive/go-cloud-k8s-info/server.go:728.16,730.3 1 1
github.com/lao-tseu-is-alive/go-cloud-k8s-info/server.go:730.8,733.29 2 0
github.com/lao-tseu-is-alive/go-cloud-k8s-info/server.go:733.29,735.4 1 0
github.com/lao-tseu-is-alive/go-cloud-k8s-info/server.go:736.3,737.46 2 0
github.com/lao-tseu-is-alive/go-cloud-k8s-info/server.go:740.2,741.16 2 1
github.com/lao-tseu-is-alive/go-cloud-k8s-info/server.go:741.16,743.3 1 0
github.com/lao-tseu-is-alive/go-cloud-k8s-info/server.go:745.2,772.54 2 1
github.com/lao-tseu-is-alive/go-cloud-k8s-info/server.go:772.54,778.19 6 1
github.com/lao-tseu-is-alive/go-cloud-k8s-info/server.go:779.23,780.94 1 1
github.com/lao-tseu-is-alive/go-cloud-k8s-info/server.go:780.94,783.24 3 1
github.com/lao-tseu-is-alive/go-cloud-k8s-info/server.go:783.24,785.6 1 1
github.com/lao-tseu-is-alive/go-cloud-k8s-info/server.go:786.5,791.19 6 1
github.com/lao-tseu-is-alive/go-cloud-k8s-info/server.go:791.19,793.6 1 0
github.com/lao-tseu-is-alive/go-cloud-k8s-info/server.go:794.5,804.105 5 1
github.com/lao-tseu-is-alive/go-cloud-k8s-info/server.go:805.10,809.19 4 1
github.com/lao-tseu-is-alive/go-cloud-k8s-info/server.go:809.19,813.6 3 0
github.com/lao-tseu-is-alive/go-cloud-k8s-info/server.go:815.11,817.69 2 1
github.com/lao-tseu-is-alive/go-cloud-k8s-info/server.go:821.58,824.54 3 1
github.com/lao-tseu-is-alive/go-cloud-k8s-info/server.go:824.54,826.33 2 1
github.com/lao-tseu-is-alive/go-cloud-k8s-info/server.go:826.33,831.18 5 1
github.com/lao-tseu-is-alive/go-cloud-k8s-info/server.go:831.18,834.5 2 0
github.com/lao-tseu-is-alive/go-cloud-k8s-info/server.go:835.9,838.4 2 1
github.com/lao-tseu-is-alive/go-cloud-k8s-info/server.go:841.76,845.54 4 1
github.com/lao-tseu-is-alive/go-cloud-k8s-info/server.go:845.54,847.33 2 1
github.com/lao-tseu-is-alive/go-cloud-k8s-info/server.go:847.33,852.18 5 1
github.com/lao-tseu-is-alive/go-cloud-k8s-info/server.go:852.18,855.5 2 0
github.com/lao-tseu-is-alive/go-cloud-k8s-info/server.go:856.9,859.4 2 1
github.com/lao-tseu-is-alive/go-cloud-k8s-info/server.go:864.13,866.16 2 1
github.com/lao-tseu-is-alive/go-cloud-k8s-info/server.go:866.16,868.3 1 0
github.com/lao-tseu-is-alive/go-cloud-k8s-info/server.go:869.2,873.22 5 1
