mode: set
github.com/lao-tseu-is-alive/go-cloud-k8s-info/server.go:86.38,88.2 1 1
github.com/lao-tseu-is-alive/go-cloud-k8s-info/server.go:103.36,106.16 3 1
github.com/lao-tseu-is-alive/go-cloud-k8s-info/server.go:109.2,110.26 2 1
github.com/lao-tseu-is-alive/go-cloud-k8s-info/server.go:106.16,108.3 1 0
github.com/lao-tseu-is-alive/go-cloud-k8s-info/server.go:113.41,124.16 4 1
github.com/lao-tseu-is-alive/go-cloud-k8s-info/server.go:130.2,132.36 2 1
github.com/lao-tseu-is-alive/go-cloud-k8s-info/server.go:152.2,155.3 1 1
github.com/lao-tseu-is-alive/go-cloud-k8s-info/server.go:124.16,129.3 1 0
github.com/lao-tseu-is-alive/go-cloud-k8s-info/server.go:132.36,134.25 2 1
github.com/lao-tseu-is-alive/go-cloud-k8s-info/server.go:134.25,136.40 1 1
github.com/lao-tseu-is-alive/go-cloud-k8s-info/server.go:136.40,137.48 1 1
github.com/lao-tseu-is-alive/go-cloud-k8s-info/server.go:137.48,139.23 1 1
github.com/lao-tseu-is-alive/go-cloud-k8s-info/server.go:142.6,142.26 1 1
github.com/lao-tseu-is-alive/go-cloud-k8s-info/server.go:145.6,145.25 1 1
github.com/lao-tseu-is-alive/go-cloud-k8s-info/server.go:139.23,141.7 1 1
github.com/lao-tseu-is-alive/go-cloud-k8s-info/server.go:142.26,144.7 1 1
github.com/lao-tseu-is-alive/go-cloud-k8s-info/server.go:145.25,147.7 1 1
github.com/lao-tseu-is-alive/go-cloud-k8s-info/server.go:162.54,167.11 4 1
github.com/lao-tseu-is-alive/go-cloud-k8s-info/server.go:182.2,182.41 1 1
github.com/lao-tseu-is-alive/go-cloud-k8s-info/server.go:167.11,169.17 2 1
github.com/lao-tseu-is-alive/go-cloud-k8s-info/server.go:175.3,175.37 1 1
github.com/lao-tseu-is-alive/go-cloud-k8s-info/server.go:169.17,174.4 1 1
github.com/lao-tseu-is-alive/go-cloud-k8s-info/server.go:175.37,180.4 1 1
github.com/lao-tseu-is-alive/go-cloud-k8s-info/server.go:190.51,196.12 5 1
github.com/lao-tseu-is-alive/go-cloud-k8s-info/server.go:202.2,204.11 3 0
github.com/lao-tseu-is-alive/go-cloud-k8s-info/server.go:219.2,219.54 1 0
github.com/lao-tseu-is-alive/go-cloud-k8s-info/server.go:196.12,201.3 1 1
github.com/lao-tseu-is-alive/go-cloud-k8s-info/server.go:204.11,206.17 2 0
github.com/lao-tseu-is-alive/go-cloud-k8s-info/server.go:212.3,212.37 1 0
github.com/lao-tseu-is-alive/go-cloud-k8s-info/server.go:206.17,211.4 1 0
github.com/lao-tseu-is-alive/go-cloud-k8s-info/server.go:212.37,217.4 1 0
github.com/lao-tseu-is-alive/go-cloud-k8s-info/server.go:222.72,236.16 7 0
github.com/lao-tseu-is-alive/go-cloud-k8s-info/server.go:242.2,245.16 3 0
github.com/lao-tseu-is-alive/go-cloud-k8s-info/server.go:251.2,254.16 3 0
github.com/lao-tseu-is-alive/go-cloud-k8s-info/server.go:260.2,263.16 3 0
github.com/lao-tseu-is-alive/go-cloud-k8s-info/server.go:269.2,271.16 3 0
github.com/lao-tseu-is-alive/go-cloud-k8s-info/server.go:291.2,294.3 1 0
github.com/lao-tseu-is-alive/go-cloud-k8s-info/server.go:236.16,241.3 1 0
github.com/lao-tseu-is-alive/go-cloud-k8s-info/server.go:245.16,250.3 1 0
github.com/lao-tseu-is-alive/go-cloud-k8s-info/server.go:254.16,259.3 1 0
github.com/lao-tseu-is-alive/go-cloud-k8s-info/server.go:263.16,268.3 1 0
github.com/lao-tseu-is-alive/go-cloud-k8s-info/server.go:271.16,278.3 1 0
github.com/lao-tseu-is-alive/go-cloud-k8s-info/server.go:278.8,283.53 5 0
github.com/lao-tseu-is-alive/go-cloud-k8s-info/server.go:288.3,288.95 1 0
github.com/lao-tseu-is-alive/go-cloud-k8s-info/server.go:283.53,284.28 1 0
github.com/lao-tseu-is-alive/go-cloud-k8s-info/server.go:284.28,286.5 1 0
github.com/lao-tseu-is-alive/go-cloud-k8s-info/server.go:297.98,320.16 9 0
github.com/lao-tseu-is-alive/go-cloud-k8s-info/server.go:324.2,327.16 3 0
github.com/lao-tseu-is-alive/go-cloud-k8s-info/server.go:331.2,331.34 1 0
github.com/lao-tseu-is-alive/go-cloud-k8s-info/server.go:320.16,323.3 2 0
github.com/lao-tseu-is-alive/go-cloud-k8s-info/server.go:327.16,330.3 2 0
github.com/lao-tseu-is-alive/go-cloud-k8s-info/server.go:334.41,336.2 1 1
github.com/lao-tseu-is-alive/go-cloud-k8s-info/server.go:338.39,341.2 1 1
github.com/lao-tseu-is-alive/go-cloud-k8s-info/server.go:346.90,350.34 2 1
github.com/lao-tseu-is-alive/go-cloud-k8s-info/server.go:362.2,362.83 1 0
github.com/lao-tseu-is-alive/go-cloud-k8s-info/server.go:350.34,353.17 2 1
github.com/lao-tseu-is-alive/go-cloud-k8s-info/server.go:359.3,360.9 2 1
github.com/lao-tseu-is-alive/go-cloud-k8s-info/server.go:353.17,356.12 3 1
github.com/lao-tseu-is-alive/go-cloud-k8s-info/server.go:366.75,381.42 7 1
github.com/lao-tseu-is-alive/go-cloud-k8s-info/server.go:384.2,386.12 3 0
github.com/lao-tseu-is-alive/go-cloud-k8s-info/server.go:381.42,383.3 1 0
github.com/lao-tseu-is-alive/go-cloud-k8s-info/server.go:401.78,420.2 4 1
github.com/lao-tseu-is-alive/go-cloud-k8s-info/server.go:423.33,431.2 5 1
github.com/lao-tseu-is-alive/go-cloud-k8s-info/server.go:434.38,437.12 1 1
github.com/lao-tseu-is-alive/go-cloud-k8s-info/server.go:444.2,447.62 2 1
github.com/lao-tseu-is-alive/go-cloud-k8s-info/server.go:437.12,440.48 3 1
github.com/lao-tseu-is-alive/go-cloud-k8s-info/server.go:440.48,442.4 1 0
github.com/lao-tseu-is-alive/go-cloud-k8s-info/server.go:451.97,453.16 2 1
github.com/lao-tseu-is-alive/go-cloud-k8s-info/server.go:458.2,463.31 6 1
github.com/lao-tseu-is-alive/go-cloud-k8s-info/server.go:453.16,457.3 3 0
github.com/lao-tseu-is-alive/go-cloud-k8s-info/server.go:468.63,471.54 3 1
github.com/lao-tseu-is-alive/go-cloud-k8s-info/server.go:471.54,473.33 2 1
github.com/lao-tseu-is-alive/go-cloud-k8s-info/server.go:473.33,475.4 1 1
github.com/lao-tseu-is-alive/go-cloud-k8s-info/server.go:475.9,477.4 1 1
github.com/lao-tseu-is-alive/go-cloud-k8s-info/server.go:480.60,483.54 3 1
github.com/lao-tseu-is-alive/go-cloud-k8s-info/server.go:483.54,485.33 2 1
github.com/lao-tseu-is-alive/go-cloud-k8s-info/server.go:485.33,487.4 1 1
github.com/lao-tseu-is-alive/go-cloud-k8s-info/server.go:487.9,489.4 1 1
github.com/lao-tseu-is-alive/go-cloud-k8s-info/server.go:493.63,498.16 4 1
github.com/lao-tseu-is-alive/go-cloud-k8s-info/server.go:503.2,505.24 2 1
github.com/lao-tseu-is-alive/go-cloud-k8s-info/server.go:515.2,516.16 2 1
github.com/lao-tseu-is-alive/go-cloud-k8s-info/server.go:519.2,522.16 4 1
github.com/lao-tseu-is-alive/go-cloud-k8s-info/server.go:534.2,560.54 2 1
github.com/lao-tseu-is-alive/go-cloud-k8s-info/server.go:498.16,501.3 2 0
github.com/lao-tseu-is-alive/go-cloud-k8s-info/server.go:505.24,506.29 1 0
github.com/lao-tseu-is-alive/go-cloud-k8s-info/server.go:507.22,508.86 1 0
github.com/lao-tseu-is-alive/go-cloud-k8s-info/server.go:509.11,510.90 1 0
github.com/lao-tseu-is-alive/go-cloud-k8s-info/server.go:516.16,518.3 1 0
github.com/lao-tseu-is-alive/go-cloud-k8s-info/server.go:522.16,524.3 1 1
github.com/lao-tseu-is-alive/go-cloud-k8s-info/server.go:524.8,527.29 2 0
github.com/lao-tseu-is-alive/go-cloud-k8s-info/server.go:530.3,531.46 2 0
github.com/lao-tseu-is-alive/go-cloud-k8s-info/server.go:527.29,529.4 1 0
github.com/lao-tseu-is-alive/go-cloud-k8s-info/server.go:560.54,566.19 6 1
github.com/lao-tseu-is-alive/go-cloud-k8s-info/server.go:567.23,568.94 1 1
github.com/lao-tseu-is-alive/go-cloud-k8s-info/server.go:600.11,602.69 2 1
github.com/lao-tseu-is-alive/go-cloud-k8s-info/server.go:568.94,571.24 3 1
github.com/lao-tseu-is-alive/go-cloud-k8s-info/server.go:574.5,578.19 5 1
github.com/lao-tseu-is-alive/go-cloud-k8s-info/server.go:581.5,590.105 4 1
github.com/lao-tseu-is-alive/go-cloud-k8s-info/server.go:571.24,573.6 1 1
github.com/lao-tseu-is-alive/go-cloud-k8s-info/server.go:578.19,580.6 1 0
github.com/lao-tseu-is-alive/go-cloud-k8s-info/server.go:591.10,594.19 3 1
github.com/lao-tseu-is-alive/go-cloud-k8s-info/server.go:594.19,598.6 3 0
github.com/lao-tseu-is-alive/go-cloud-k8s-info/server.go:606.58,609.54 3 1
github.com/lao-tseu-is-alive/go-cloud-k8s-info/server.go:609.54,611.33 2 1
github.com/lao-tseu-is-alive/go-cloud-k8s-info/server.go:611.33,616.4 4 1
github.com/lao-tseu-is-alive/go-cloud-k8s-info/server.go:616.9,619.4 2 1
github.com/lao-tseu-is-alive/go-cloud-k8s-info/server.go:622.76,626.54 4 1
github.com/lao-tseu-is-alive/go-cloud-k8s-info/server.go:626.54,628.33 2 1
github.com/lao-tseu-is-alive/go-cloud-k8s-info/server.go:628.33,633.4 4 1
github.com/lao-tseu-is-alive/go-cloud-k8s-info/server.go:633.9,636.4 2 1
github.com/lao-tseu-is-alive/go-cloud-k8s-info/server.go:641.13,643.16 2 1
github.com/lao-tseu-is-alive/go-cloud-k8s-info/server.go:646.2,650.22 5 1
github.com/lao-tseu-is-alive/go-cloud-k8s-info/server.go:643.16,645.3 1 0
